01-Dec-2017 12:25:10.963 INFO [main] org.apache.coyote.AbstractProtocol.init Initializing ProtocolHandler ["http-nio-8081"]
01-Dec-2017 12:25:10.992 INFO [main] org.apache.tomcat.util.net.NioSelectorPool.getSharedSelector Using a shared selector for servlet write/read
01-Dec-2017 12:25:10.997 INFO [main] org.apache.coyote.AbstractProtocol.init Initializing ProtocolHandler ["ajp-nio-8019"]
01-Dec-2017 12:25:11.001 INFO [main] org.apache.tomcat.util.net.NioSelectorPool.getSharedSelector Using a shared selector for servlet write/read
01-Dec-2017 12:25:11.015 INFO [main] org.apache.catalina.core.StandardService.startInternal Starting service Catalina
01-Dec-2017 12:25:11.016 INFO [main] org.apache.catalina.core.StandardEngine.startInternal Starting Servlet Engine: Apache Tomcat/8.0.41
01-Dec-2017 12:25:11.039 INFO [localhost-startStop-1] org.apache.catalina.startup.HostConfig.deployDescriptor Deploying configuration descriptor /home/devops/Downloads/artifactory-oss-5.4.3/tomcat/conf/Catalina/localhost/artifactory.xml
01-Dec-2017 12:25:11.039 INFO [localhost-startStop-2] org.apache.catalina.startup.HostConfig.deployDescriptor Deploying configuration descriptor /home/devops/Downloads/artifactory-oss-5.4.3/tomcat/conf/Catalina/localhost/access.xml
01-Dec-2017 12:25:18.502 INFO [localhost-startStop-1] org.apache.catalina.startup.HostConfig.deployDescriptor Deployment of configuration descriptor /home/devops/Downloads/artifactory-oss-5.4.3/tomcat/conf/Catalina/localhost/artifactory.xml has finished in 7,462 ms
01-Dec-2017 12:25:29.360 INFO [localhost-startStop-2] org.apache.catalina.startup.HostConfig.deployDescriptor Deployment of configuration descriptor /home/devops/Downloads/artifactory-oss-5.4.3/tomcat/conf/Catalina/localhost/access.xml has finished in 18,321 ms
01-Dec-2017 12:25:29.362 INFO [localhost-startStop-3] org.apache.catalina.startup.HostConfig.deployDirectory Deploying web application directory /home/devops/Downloads/artifactory-oss-5.4.3/tomcat/webapps/ROOT
01-Dec-2017 12:25:29.393 INFO [localhost-startStop-3] org.apache.catalina.startup.HostConfig.deployDirectory Deployment of web application directory /home/devops/Downloads/artifactory-oss-5.4.3/tomcat/webapps/ROOT has finished in 30 ms
01-Dec-2017 12:25:29.397 INFO [main] org.apache.coyote.AbstractProtocol.start Starting ProtocolHandler ["http-nio-8081"]
01-Dec-2017 12:25:29.411 INFO [main] org.apache.coyote.AbstractProtocol.start Starting ProtocolHandler ["ajp-nio-8019"]
01-Dec-2017 13:03:07.623 INFO [Thread-14] org.apache.coyote.AbstractProtocol.pause Pausing ProtocolHandler ["http-nio-8081"]
01-Dec-2017 13:03:07.627 INFO [Thread-14] org.apache.coyote.AbstractProtocol.pause Pausing ProtocolHandler ["ajp-nio-8019"]
01-Dec-2017 13:03:07.681 INFO [Thread-14] org.apache.catalina.core.StandardService.stopInternal Stopping service Catalina
01-Dec-2017 13:03:07.738 SEVERE [localhost-startStop-4] org.apache.catalina.loader.WebappClassLoaderBase.checkThreadLocalMapForLeaks The web application [access] created a ThreadLocal with key of type [org.jfrog.access.server.service.auth.AuthenticationServiceImpl$1] (value [org.jfrog.access.server.service.auth.AuthenticationServiceImpl$1@542ed86f]) and a value of type [org.jfrog.access.server.service.auth.model.AnonymousPrincipal] (value [anonymous]) but failed to remove it when the web application was stopped. Threads are going to be renewed over time to try and avoid a probable memory leak.
01-Dec-2017 13:03:07.739 SEVERE [localhost-startStop-4] org.apache.catalina.loader.WebappClassLoaderBase.checkThreadLocalMapForLeaks The web application [access] created a ThreadLocal with key of type [org.jfrog.access.server.service.auth.AuthenticationServiceImpl$1] (value [org.jfrog.access.server.service.auth.AuthenticationServiceImpl$1@542ed86f]) and a value of type [org.jfrog.access.server.service.auth.model.AnonymousPrincipal] (value [anonymous]) but failed to remove it when the web application was stopped. Threads are going to be renewed over time to try and avoid a probable memory leak.
01-Dec-2017 13:03:07.740 SEVERE [localhost-startStop-4] org.apache.catalina.loader.WebappClassLoaderBase.checkThreadLocalMapForLeaks The web application [access] created a ThreadLocal with key of type [org.jfrog.access.server.service.auth.AuthenticationServiceImpl$1] (value [org.jfrog.access.server.service.auth.AuthenticationServiceImpl$1@542ed86f]) and a value of type [org.jfrog.access.server.service.auth.model.AnonymousPrincipal] (value [anonymous]) but failed to remove it when the web application was stopped. Threads are going to be renewed over time to try and avoid a probable memory leak.
01-Dec-2017 13:03:07.760 WARNING [localhost-startStop-5] org.apache.catalina.loader.WebappClassLoaderBase.clearReferencesJdbc The web application [artifactory] registered the JDBC driver [org.postgresql.Driver] but failed to unregister it when the web application was stopped. To prevent a memory leak, the JDBC Driver has been forcibly unregistered.
01-Dec-2017 13:03:07.761 SEVERE [localhost-startStop-5] org.apache.catalina.loader.WebappClassLoaderBase.checkThreadLocalMapForLeaks The web application [artifactory] created a ThreadLocal with key of type [java.lang.ThreadLocal] (value [java.lang.ThreadLocal@39da2b72]) and a value of type [org.springframework.security.core.context.SecurityContextImpl] (value [org.springframework.security.core.context.SecurityContextImpl@ffffffff: Null authentication]) but failed to remove it when the web application was stopped. Threads are going to be renewed over time to try and avoid a probable memory leak.
01-Dec-2017 13:03:07.761 SEVERE [localhost-startStop-5] org.apache.catalina.loader.WebappClassLoaderBase.checkThreadLocalMapForLeaks The web application [artifactory] created a ThreadLocal with key of type [java.lang.ThreadLocal] (value [java.lang.ThreadLocal@39da2b72]) and a value of type [org.springframework.security.core.context.SecurityContextImpl] (value [org.springframework.security.core.context.SecurityContextImpl@ffffffff: Null authentication]) but failed to remove it when the web application was stopped. Threads are going to be renewed over time to try and avoid a probable memory leak.
01-Dec-2017 13:03:07.762 SEVERE [localhost-startStop-5] org.apache.catalina.loader.WebappClassLoaderBase.checkThreadLocalMapForLeaks The web application [artifactory] created a ThreadLocal with key of type [java.lang.ThreadLocal] (value [java.lang.ThreadLocal@39da2b72]) and a value of type [org.springframework.security.core.context.SecurityContextImpl] (value [org.springframework.security.core.context.SecurityContextImpl@ffffffff: Null authentication]) but failed to remove it when the web application was stopped. Threads are going to be renewed over time to try and avoid a probable memory leak.
01-Dec-2017 13:03:07.762 SEVERE [localhost-startStop-5] org.apache.catalina.loader.WebappClassLoaderBase.checkThreadLocalMapForLeaks The web application [artifactory] created a ThreadLocal with key of type [java.lang.ThreadLocal] (value [java.lang.ThreadLocal@39da2b72]) and a value of type [org.springframework.security.core.context.SecurityContextImpl] (value [org.springframework.security.core.context.SecurityContextImpl@ffffffff: Null authentication]) but failed to remove it when the web application was stopped. Threads are going to be renewed over time to try and avoid a probable memory leak.
01-Dec-2017 13:03:07.763 SEVERE [localhost-startStop-5] org.apache.catalina.loader.WebappClassLoaderBase.checkThreadLocalMapForLeaks The web application [artifactory] created a ThreadLocal with key of type [java.lang.ThreadLocal] (value [java.lang.ThreadLocal@39da2b72]) and a value of type [org.springframework.security.core.context.SecurityContextImpl] (value [org.springframework.security.core.context.SecurityContextImpl@ffffffff: Null authentication]) but failed to remove it when the web application was stopped. Threads are going to be renewed over time to try and avoid a probable memory leak.
01-Dec-2017 13:03:07.763 SEVERE [localhost-startStop-5] org.apache.catalina.loader.WebappClassLoaderBase.checkThreadLocalMapForLeaks The web application [artifactory] created a ThreadLocal with key of type [java.lang.ThreadLocal] (value [java.lang.ThreadLocal@39da2b72]) and a value of type [org.springframework.security.core.context.SecurityContextImpl] (value [org.springframework.security.core.context.SecurityContextImpl@ffffffff: Null authentication]) but failed to remove it when the web application was stopped. Threads are going to be renewed over time to try and avoid a probable memory leak.
01-Dec-2017 13:03:07.764 SEVERE [localhost-startStop-5] org.apache.catalina.loader.WebappClassLoaderBase.checkThreadLocalMapForLeaks The web application [artifactory] created a ThreadLocal with key of type [java.lang.ThreadLocal] (value [java.lang.ThreadLocal@39da2b72]) and a value of type [org.springframework.security.core.context.SecurityContextImpl] (value [org.springframework.security.core.context.SecurityContextImpl@ffffffff: Null authentication]) but failed to remove it when the web application was stopped. Threads are going to be renewed over time to try and avoid a probable memory leak.
01-Dec-2017 13:03:07.764 SEVERE [localhost-startStop-5] org.apache.catalina.loader.WebappClassLoaderBase.checkThreadLocalMapForLeaks The web application [artifactory] created a ThreadLocal with key of type [java.lang.ThreadLocal] (value [java.lang.ThreadLocal@39da2b72]) and a value of type [org.springframework.security.core.context.SecurityContextImpl] (value [org.springframework.security.core.context.SecurityContextImpl@ffffffff: Null authentication]) but failed to remove it when the web application was stopped. Threads are going to be renewed over time to try and avoid a probable memory leak.
01-Dec-2017 13:03:07.765 SEVERE [localhost-startStop-5] org.apache.catalina.loader.WebappClassLoaderBase.checkThreadLocalMapForLeaks The web application [artifactory] created a ThreadLocal with key of type [java.lang.ThreadLocal] (value [java.lang.ThreadLocal@39da2b72]) and a value of type [org.springframework.security.core.context.SecurityContextImpl] (value [org.springframework.security.core.context.SecurityContextImpl@ffffffff: Null authentication]) but failed to remove it when the web application was stopped. Threads are going to be renewed over time to try and avoid a probable memory leak.
01-Dec-2017 13:03:07.765 SEVERE [localhost-startStop-5] org.apache.catalina.loader.WebappClassLoaderBase.checkThreadLocalMapForLeaks The web application [artifactory] created a ThreadLocal with key of type [java.lang.ThreadLocal] (value [java.lang.ThreadLocal@39da2b72]) and a value of type [org.springframework.security.core.context.SecurityContextImpl] (value [org.springframework.security.core.context.SecurityContextImpl@ffffffff: Null authentication]) but failed to remove it when the web application was stopped. Threads are going to be renewed over time to try and avoid a probable memory leak.
01-Dec-2017 13:03:07.769 INFO [Thread-14] org.apache.coyote.AbstractProtocol.stop Stopping ProtocolHandler ["http-nio-8081"]
01-Dec-2017 13:03:07.771 INFO [Thread-14] org.apache.coyote.AbstractProtocol.stop Stopping ProtocolHandler ["ajp-nio-8019"]
01-Dec-2017 13:03:07.841 INFO [Thread-14] org.apache.coyote.AbstractProtocol.destroy Destroying ProtocolHandler ["http-nio-8081"]
01-Dec-2017 13:03:07.843 INFO [Thread-14] org.apache.coyote.AbstractProtocol.destroy Destroying ProtocolHandler ["ajp-nio-8019"]
01-Dec-2017 14:01:09.190 INFO [main] org.apache.coyote.AbstractProtocol.init Initializing ProtocolHandler ["http-nio-8081"]
01-Dec-2017 14:01:09.221 INFO [main] org.apache.tomcat.util.net.NioSelectorPool.getSharedSelector Using a shared selector for servlet write/read
01-Dec-2017 14:01:09.227 INFO [main] org.apache.coyote.AbstractProtocol.init Initializing ProtocolHandler ["ajp-nio-8019"]
01-Dec-2017 14:01:09.230 INFO [main] org.apache.tomcat.util.net.NioSelectorPool.getSharedSelector Using a shared selector for servlet write/read
01-Dec-2017 14:01:09.243 INFO [main] org.apache.catalina.core.StandardService.startInternal Starting service Catalina
01-Dec-2017 14:01:09.244 INFO [main] org.apache.catalina.core.StandardEngine.startInternal Starting Servlet Engine: Apache Tomcat/8.0.41
01-Dec-2017 14:01:09.267 INFO [localhost-startStop-2] org.apache.catalina.startup.HostConfig.deployDescriptor Deploying configuration descriptor /home/devops/Downloads/artifactory-oss-5.4.3/tomcat/conf/Catalina/localhost/access.xml
01-Dec-2017 14:01:09.267 INFO [localhost-startStop-1] org.apache.catalina.startup.HostConfig.deployDescriptor Deploying configuration descriptor /home/devops/Downloads/artifactory-oss-5.4.3/tomcat/conf/Catalina/localhost/artifactory.xml
01-Dec-2017 14:01:15.200 INFO [localhost-startStop-1] org.apache.catalina.startup.HostConfig.deployDescriptor Deployment of configuration descriptor /home/devops/Downloads/artifactory-oss-5.4.3/tomcat/conf/Catalina/localhost/artifactory.xml has finished in 5,933 ms
01-Dec-2017 14:01:31.544 INFO [localhost-startStop-2] org.apache.catalina.startup.HostConfig.deployDescriptor Deployment of configuration descriptor /home/devops/Downloads/artifactory-oss-5.4.3/tomcat/conf/Catalina/localhost/access.xml has finished in 22,276 ms
01-Dec-2017 14:01:31.548 INFO [localhost-startStop-3] org.apache.catalina.startup.HostConfig.deployDirectory Deploying web application directory /home/devops/Downloads/artifactory-oss-5.4.3/tomcat/webapps/ROOT
01-Dec-2017 14:01:31.581 INFO [localhost-startStop-3] org.apache.catalina.startup.HostConfig.deployDirectory Deployment of web application directory /home/devops/Downloads/artifactory-oss-5.4.3/tomcat/webapps/ROOT has finished in 33 ms
01-Dec-2017 14:01:31.593 INFO [main] org.apache.coyote.AbstractProtocol.start Starting ProtocolHandler ["http-nio-8081"]
01-Dec-2017 14:01:31.616 INFO [main] org.apache.coyote.AbstractProtocol.start Starting ProtocolHandler ["ajp-nio-8019"]
01-Dec-2017 16:50:24.138 INFO [Thread-14] org.apache.coyote.AbstractProtocol.pause Pausing ProtocolHandler ["http-nio-8081"]
01-Dec-2017 16:50:24.141 INFO [Thread-14] org.apache.coyote.AbstractProtocol.pause Pausing ProtocolHandler ["ajp-nio-8019"]
01-Dec-2017 16:50:24.192 INFO [Thread-14] org.apache.catalina.core.StandardService.stopInternal Stopping service Catalina
01-Dec-2017 16:50:24.242 SEVERE [localhost-startStop-4] org.apache.catalina.loader.WebappClassLoaderBase.checkThreadLocalMapForLeaks The web application [access] created a ThreadLocal with key of type [org.jfrog.access.server.service.auth.AuthenticationServiceImpl$1] (value [org.jfrog.access.server.service.auth.AuthenticationServiceImpl$1@66e6d1ad]) and a value of type [org.jfrog.access.server.service.auth.model.AnonymousPrincipal] (value [anonymous]) but failed to remove it when the web application was stopped. Threads are going to be renewed over time to try and avoid a probable memory leak.
01-Dec-2017 16:50:24.243 SEVERE [localhost-startStop-4] org.apache.catalina.loader.WebappClassLoaderBase.checkThreadLocalMapForLeaks The web application [access] created a ThreadLocal with key of type [org.jfrog.access.server.service.auth.AuthenticationServiceImpl$1] (value [org.jfrog.access.server.service.auth.AuthenticationServiceImpl$1@66e6d1ad]) and a value of type [org.jfrog.access.server.service.auth.model.AnonymousPrincipal] (value [anonymous]) but failed to remove it when the web application was stopped. Threads are going to be renewed over time to try and avoid a probable memory leak.
01-Dec-2017 16:50:24.243 SEVERE [localhost-startStop-4] org.apache.catalina.loader.WebappClassLoaderBase.checkThreadLocalMapForLeaks The web application [access] created a ThreadLocal with key of type [org.jfrog.access.server.service.auth.AuthenticationServiceImpl$1] (value [org.jfrog.access.server.service.auth.AuthenticationServiceImpl$1@66e6d1ad]) and a value of type [org.jfrog.access.server.service.auth.model.AnonymousPrincipal] (value [anonymous]) but failed to remove it when the web application was stopped. Threads are going to be renewed over time to try and avoid a probable memory leak.
01-Dec-2017 16:50:24.265 WARNING [localhost-startStop-5] org.apache.catalina.loader.WebappClassLoaderBase.clearReferencesJdbc The web application [artifactory] registered the JDBC driver [org.postgresql.Driver] but failed to unregister it when the web application was stopped. To prevent a memory leak, the JDBC Driver has been forcibly unregistered.
01-Dec-2017 16:50:24.266 WARNING [localhost-startStop-5] org.apache.catalina.loader.WebappClassLoaderBase.clearReferencesThreads The web application [artifactory] appears to have started a thread named [pool-10-thread-1] but has failed to stop it. This is very likely to create a memory leak. Stack trace of thread:
 sun.misc.Unsafe.park(Native Method)
 java.util.concurrent.locks.LockSupport.park(LockSupport.java:175)
 java.util.concurrent.locks.AbstractQueuedSynchronizer$ConditionObject.await(AbstractQueuedSynchronizer.java:2039)
 java.util.concurrent.LinkedBlockingQueue.take(LinkedBlockingQueue.java:442)
 java.util.concurrent.ThreadPoolExecutor.getTask(ThreadPoolExecutor.java:1074)
 java.util.concurrent.ThreadPoolExecutor.runWorker(ThreadPoolExecutor.java:1134)
 java.util.concurrent.ThreadPoolExecutor$Worker.run(ThreadPoolExecutor.java:624)
 java.lang.Thread.run(Thread.java:748)
01-Dec-2017 16:50:24.267 WARNING [localhost-startStop-5] org.apache.catalina.loader.WebappClassLoaderBase.clearReferencesThreads The web application [artifactory] appears to have started a thread named [pool-11-thread-1] but has failed to stop it. This is very likely to create a memory leak. Stack trace of thread:
 sun.misc.Unsafe.park(Native Method)
 java.util.concurrent.locks.LockSupport.park(LockSupport.java:175)
 java.util.concurrent.locks.AbstractQueuedSynchronizer$ConditionObject.await(AbstractQueuedSynchronizer.java:2039)
 java.util.concurrent.LinkedBlockingQueue.take(LinkedBlockingQueue.java:442)
 java.util.concurrent.ThreadPoolExecutor.getTask(ThreadPoolExecutor.java:1074)
 java.util.concurrent.ThreadPoolExecutor.runWorker(ThreadPoolExecutor.java:1134)
 java.util.concurrent.ThreadPoolExecutor$Worker.run(ThreadPoolExecutor.java:624)
 java.lang.Thread.run(Thread.java:748)
01-Dec-2017 16:50:24.268 WARNING [localhost-startStop-5] org.apache.catalina.loader.WebappClassLoaderBase.clearReferencesThreads The web application [artifactory] appears to have started a thread named [pool-12-thread-1] but has failed to stop it. This is very likely to create a memory leak. Stack trace of thread:
 sun.misc.Unsafe.park(Native Method)
 java.util.concurrent.locks.LockSupport.park(LockSupport.java:175)
 java.util.concurrent.locks.AbstractQueuedSynchronizer$ConditionObject.await(AbstractQueuedSynchronizer.java:2039)
 java.util.concurrent.LinkedBlockingQueue.take(LinkedBlockingQueue.java:442)
 java.util.concurrent.ThreadPoolExecutor.getTask(ThreadPoolExecutor.java:1074)
 java.util.concurrent.ThreadPoolExecutor.runWorker(ThreadPoolExecutor.java:1134)
 java.util.concurrent.ThreadPoolExecutor$Worker.run(ThreadPoolExecutor.java:624)
 java.lang.Thread.run(Thread.java:748)
01-Dec-2017 16:50:24.269 SEVERE [localhost-startStop-5] org.apache.catalina.loader.WebappClassLoaderBase.checkThreadLocalMapForLeaks The web application [artifactory] created a ThreadLocal with key of type [java.lang.ThreadLocal] (value [java.lang.ThreadLocal@2ddc096f]) and a value of type [org.springframework.security.core.context.SecurityContextImpl] (value [org.springframework.security.core.context.SecurityContextImpl@ffffffff: Null authentication]) but failed to remove it when the web application was stopped. Threads are going to be renewed over time to try and avoid a probable memory leak.
01-Dec-2017 16:50:24.269 SEVERE [localhost-startStop-5] org.apache.catalina.loader.WebappClassLoaderBase.checkThreadLocalMapForLeaks The web application [artifactory] created a ThreadLocal with key of type [java.lang.ThreadLocal] (value [java.lang.ThreadLocal@2ddc096f]) and a value of type [org.springframework.security.core.context.SecurityContextImpl] (value [org.springframework.security.core.context.SecurityContextImpl@ffffffff: Null authentication]) but failed to remove it when the web application was stopped. Threads are going to be renewed over time to try and avoid a probable memory leak.
01-Dec-2017 16:50:24.270 SEVERE [localhost-startStop-5] org.apache.catalina.loader.WebappClassLoaderBase.checkThreadLocalMapForLeaks The web application [artifactory] created a ThreadLocal with key of type [java.lang.ThreadLocal] (value [java.lang.ThreadLocal@2ddc096f]) and a value of type [org.springframework.security.core.context.SecurityContextImpl] (value [org.springframework.security.core.context.SecurityContextImpl@ffffffff: Null authentication]) but failed to remove it when the web application was stopped. Threads are going to be renewed over time to try and avoid a probable memory leak.
01-Dec-2017 16:50:24.271 SEVERE [localhost-startStop-5] org.apache.catalina.loader.WebappClassLoaderBase.checkThreadLocalMapForLeaks The web application [artifactory] created a ThreadLocal with key of type [java.lang.ThreadLocal] (value [java.lang.ThreadLocal@2ddc096f]) and a value of type [org.springframework.security.core.context.SecurityContextImpl] (value [org.springframework.security.core.context.SecurityContextImpl@ffffffff: Null authentication]) but failed to remove it when the web application was stopped. Threads are going to be renewed over time to try and avoid a probable memory leak.
01-Dec-2017 16:50:24.271 SEVERE [localhost-startStop-5] org.apache.catalina.loader.WebappClassLoaderBase.checkThreadLocalMapForLeaks The web application [artifactory] created a ThreadLocal with key of type [java.lang.ThreadLocal] (value [java.lang.ThreadLocal@2ddc096f]) and a value of type [org.springframework.security.core.context.SecurityContextImpl] (value [org.springframework.security.core.context.SecurityContextImpl@ffffffff: Null authentication]) but failed to remove it when the web application was stopped. Threads are going to be renewed over time to try and avoid a probable memory leak.
01-Dec-2017 16:50:24.272 SEVERE [localhost-startStop-5] org.apache.catalina.loader.WebappClassLoaderBase.checkThreadLocalMapForLeaks The web application [artifactory] created a ThreadLocal with key of type [java.lang.ThreadLocal] (value [java.lang.ThreadLocal@2ddc096f]) and a value of type [org.springframework.security.core.context.SecurityContextImpl] (value [org.springframework.security.core.context.SecurityContextImpl@ffffffff: Null authentication]) but failed to remove it when the web application was stopped. Threads are going to be renewed over time to try and avoid a probable memory leak.
01-Dec-2017 16:50:24.272 SEVERE [localhost-startStop-5] org.apache.catalina.loader.WebappClassLoaderBase.checkThreadLocalMapForLeaks The web application [artifactory] created a ThreadLocal with key of type [java.lang.ThreadLocal] (value [java.lang.ThreadLocal@2ddc096f]) and a value of type [org.springframework.security.core.context.SecurityContextImpl] (value [org.springframework.security.core.context.SecurityContextImpl@ffffffff: Null authentication]) but failed to remove it when the web application was stopped. Threads are going to be renewed over time to try and avoid a probable memory leak.
01-Dec-2017 16:50:24.273 SEVERE [localhost-startStop-5] org.apache.catalina.loader.WebappClassLoaderBase.checkThreadLocalMapForLeaks The web application [artifactory] created a ThreadLocal with key of type [java.lang.ThreadLocal] (value [java.lang.ThreadLocal@2ddc096f]) and a value of type [org.springframework.security.core.context.SecurityContextImpl] (value [org.springframework.security.core.context.SecurityContextImpl@ffffffff: Null authentication]) but failed to remove it when the web application was stopped. Threads are going to be renewed over time to try and avoid a probable memory leak.
01-Dec-2017 16:50:24.273 SEVERE [localhost-startStop-5] org.apache.catalina.loader.WebappClassLoaderBase.checkThreadLocalMapForLeaks The web application [artifactory] created a ThreadLocal with key of type [java.lang.ThreadLocal] (value [java.lang.ThreadLocal@2ddc096f]) and a value of type [org.springframework.security.core.context.SecurityContextImpl] (value [org.springframework.security.core.context.SecurityContextImpl@ffffffff: Null authentication]) but failed to remove it when the web application was stopped. Threads are going to be renewed over time to try and avoid a probable memory leak.
01-Dec-2017 16:50:24.274 SEVERE [localhost-startStop-5] org.apache.catalina.loader.WebappClassLoaderBase.checkThreadLocalMapForLeaks The web application [artifactory] created a ThreadLocal with key of type [java.lang.ThreadLocal] (value [java.lang.ThreadLocal@2ddc096f]) and a value of type [org.springframework.security.core.context.SecurityContextImpl] (value [org.springframework.security.core.context.SecurityContextImpl@ffffffff: Null authentication]) but failed to remove it when the web application was stopped. Threads are going to be renewed over time to try and avoid a probable memory leak.
01-Dec-2017 16:50:24.275 SEVERE [localhost-startStop-5] org.apache.catalina.loader.WebappClassLoaderBase.checkThreadLocalMapForLeaks The web application [artifactory] created a ThreadLocal with key of type [java.lang.InheritableThreadLocal] (value [java.lang.InheritableThreadLocal@139b7845]) and a value of type [org.artifactory.common.ArtifactoryHome] (value [org.artifactory.common.ArtifactoryHome@3edb3d76]) but failed to remove it when the web application was stopped. Threads are going to be renewed over time to try and avoid a probable memory leak.
01-Dec-2017 16:50:24.275 SEVERE [localhost-startStop-5] org.apache.catalina.loader.WebappClassLoaderBase.checkThreadLocalMapForLeaks The web application [artifactory] created a ThreadLocal with key of type [java.lang.InheritableThreadLocal] (value [java.lang.InheritableThreadLocal@1059cd40]) and a value of type [org.artifactory.spring.ArtifactoryApplicationContext] (value [Artifactory: startup date [Fri Dec 01 14:01:15 IST 2017]; root of context hierarchy]) but failed to remove it when the web application was stopped. Threads are going to be renewed over time to try and avoid a probable memory leak.
01-Dec-2017 16:50:24.275 SEVERE [localhost-startStop-5] org.apache.catalina.loader.WebappClassLoaderBase.checkThreadLocalMapForLeaks The web application [artifactory] created a ThreadLocal with key of type [java.lang.InheritableThreadLocal] (value [java.lang.InheritableThreadLocal@139b7845]) and a value of type [org.artifactory.common.ArtifactoryHome] (value [org.artifactory.common.ArtifactoryHome@3edb3d76]) but failed to remove it when the web application was stopped. Threads are going to be renewed over time to try and avoid a probable memory leak.
01-Dec-2017 16:50:24.276 SEVERE [localhost-startStop-5] org.apache.catalina.loader.WebappClassLoaderBase.checkThreadLocalMapForLeaks The web application [artifactory] created a ThreadLocal with key of type [java.lang.InheritableThreadLocal] (value [java.lang.InheritableThreadLocal@1059cd40]) and a value of type [org.artifactory.spring.ArtifactoryApplicationContext] (value [Artifactory: startup date [Fri Dec 01 14:01:15 IST 2017]; root of context hierarchy]) but failed to remove it when the web application was stopped. Threads are going to be renewed over time to try and avoid a probable memory leak.
01-Dec-2017 16:50:24.276 SEVERE [localhost-startStop-5] org.apache.catalina.loader.WebappClassLoaderBase.checkThreadLocalMapForLeaks The web application [artifactory] created a ThreadLocal with key of type [java.lang.InheritableThreadLocal] (value [java.lang.InheritableThreadLocal@139b7845]) and a value of type [org.artifactory.common.ArtifactoryHome] (value [org.artifactory.common.ArtifactoryHome@3edb3d76]) but failed to remove it when the web application was stopped. Threads are going to be renewed over time to try and avoid a probable memory leak.
01-Dec-2017 16:50:24.276 SEVERE [localhost-startStop-5] org.apache.catalina.loader.WebappClassLoaderBase.checkThreadLocalMapForLeaks The web application [artifactory] created a ThreadLocal with key of type [java.lang.InheritableThreadLocal] (value [java.lang.InheritableThreadLocal@1059cd40]) and a value of type [org.artifactory.spring.ArtifactoryApplicationContext] (value [Artifactory: startup date [Fri Dec 01 14:01:15 IST 2017]; root of context hierarchy]) but failed to remove it when the web application was stopped. Threads are going to be renewed over time to try and avoid a probable memory leak.
01-Dec-2017 16:50:24.279 INFO [Thread-14] org.apache.coyote.AbstractProtocol.stop Stopping ProtocolHandler ["http-nio-8081"]
01-Dec-2017 16:50:24.304 INFO [Thread-14] org.apache.coyote.AbstractProtocol.stop Stopping ProtocolHandler ["ajp-nio-8019"]
01-Dec-2017 16:50:24.305 INFO [Thread-14] org.apache.coyote.AbstractProtocol.destroy Destroying ProtocolHandler ["http-nio-8081"]
01-Dec-2017 16:50:24.306 INFO [Thread-14] org.apache.coyote.AbstractProtocol.destroy Destroying ProtocolHandler ["ajp-nio-8019"]
