12-Apr-2018 11:34:52.664 INFO [main] org.apache.coyote.AbstractProtocol.init Initializing ProtocolHandler ["http-nio-8081"]
12-Apr-2018 11:34:53.142 INFO [main] org.apache.tomcat.util.net.NioSelectorPool.getSharedSelector Using a shared selector for servlet write/read
12-Apr-2018 11:34:53.197 INFO [main] org.apache.coyote.AbstractProtocol.init Initializing ProtocolHandler ["ajp-nio-8019"]
12-Apr-2018 11:34:53.253 INFO [main] org.apache.tomcat.util.net.NioSelectorPool.getSharedSelector Using a shared selector for servlet write/read
12-Apr-2018 11:34:53.447 INFO [main] org.apache.catalina.core.StandardService.startInternal Starting service Catalina
12-Apr-2018 11:34:53.474 INFO [main] org.apache.catalina.core.StandardEngine.startInternal Starting Servlet Engine: Apache Tomcat/8.0.41
12-Apr-2018 11:34:53.802 INFO [localhost-startStop-1] org.apache.catalina.startup.HostConfig.deployDescriptor Deploying configuration descriptor /home/devops/Downloads/artifactory-oss-5.4.3/tomcat/conf/Catalina/localhost/artifactory.xml
12-Apr-2018 11:34:53.807 INFO [localhost-startStop-2] org.apache.catalina.startup.HostConfig.deployDescriptor Deploying configuration descriptor /home/devops/Downloads/artifactory-oss-5.4.3/tomcat/conf/Catalina/localhost/access.xml
12-Apr-2018 11:35:56.895 INFO [localhost-startStop-1] org.apache.catalina.startup.HostConfig.deployDescriptor Deployment of configuration descriptor /home/devops/Downloads/artifactory-oss-5.4.3/tomcat/conf/Catalina/localhost/artifactory.xml has finished in 63,076 ms
12-Apr-2018 11:40:58.544 INFO [localhost-startStop-2] org.apache.catalina.startup.HostConfig.deployDescriptor Deployment of configuration descriptor /home/devops/Downloads/artifactory-oss-5.4.3/tomcat/conf/Catalina/localhost/access.xml has finished in 364,728 ms
12-Apr-2018 11:40:58.602 INFO [localhost-startStop-3] org.apache.catalina.startup.HostConfig.deployDirectory Deploying web application directory /home/devops/Downloads/artifactory-oss-5.4.3/tomcat/webapps/ROOT
12-Apr-2018 11:40:59.002 INFO [localhost-startStop-3] org.apache.catalina.startup.HostConfig.deployDirectory Deployment of web application directory /home/devops/Downloads/artifactory-oss-5.4.3/tomcat/webapps/ROOT has finished in 400 ms
12-Apr-2018 11:40:59.134 INFO [main] org.apache.coyote.AbstractProtocol.start Starting ProtocolHandler ["http-nio-8081"]
12-Apr-2018 11:40:59.348 INFO [main] org.apache.coyote.AbstractProtocol.start Starting ProtocolHandler ["ajp-nio-8019"]
12-Apr-2018 11:43:27.883 INFO [Thread-15] org.apache.coyote.AbstractProtocol.pause Pausing ProtocolHandler ["http-nio-8081"]
12-Apr-2018 11:43:28.001 INFO [Thread-15] org.apache.coyote.AbstractProtocol.pause Pausing ProtocolHandler ["ajp-nio-8019"]
12-Apr-2018 11:43:28.046 INFO [Thread-15] org.apache.catalina.core.StandardService.stopInternal Stopping service Catalina
12-Apr-2018 11:43:28.397 WARNING [localhost-startStop-5] org.apache.catalina.loader.WebappClassLoaderBase.clearReferencesJdbc The web application [artifactory] registered the JDBC driver [org.postgresql.Driver] but failed to unregister it when the web application was stopped. To prevent a memory leak, the JDBC Driver has been forcibly unregistered.
12-Apr-2018 11:43:28.421 WARNING [localhost-startStop-5] org.apache.catalina.loader.WebappClassLoaderBase.clearReferencesThreads The web application [artifactory] appears to have started a thread named [Thread-4] but has failed to stop it. This is very likely to create a memory leak. Stack trace of thread:
 sun.nio.fs.LinuxWatchService.poll(Native Method)
 sun.nio.fs.LinuxWatchService.access$600(LinuxWatchService.java:47)
 sun.nio.fs.LinuxWatchService$Poller.run(LinuxWatchService.java:314)
 java.lang.Thread.run(Thread.java:748)
12-Apr-2018 11:43:28.458 WARNING [localhost-startStop-5] org.apache.catalina.loader.WebappClassLoaderBase.clearReferencesThreads The web application [artifactory] appears to have started a thread named [Thread-5] but has failed to stop it. This is very likely to create a memory leak. Stack trace of thread:
 sun.misc.Unsafe.park(Native Method)
 java.util.concurrent.locks.LockSupport.park(LockSupport.java:175)
 java.util.concurrent.locks.AbstractQueuedSynchronizer$ConditionObject.await(AbstractQueuedSynchronizer.java:2039)
 java.util.concurrent.LinkedBlockingDeque.takeFirst(LinkedBlockingDeque.java:492)
 java.util.concurrent.LinkedBlockingDeque.take(LinkedBlockingDeque.java:680)
 sun.nio.fs.AbstractWatchService.take(AbstractWatchService.java:118)
 org.artifactory.common.config.watch.FileWatchingManager.doWatch(FileWatchingManager.java:68)
 org.artifactory.common.config.watch.FileWatchingManager$$Lambda$2/21052567.run(Unknown Source)
 java.lang.Thread.run(Thread.java:748)
12-Apr-2018 11:43:28.499 WARNING [localhost-startStop-5] org.apache.catalina.loader.WebappClassLoaderBase.clearReferencesThreads The web application [artifactory] appears to have started a thread named [Tomcat JDBC Pool Cleaner[576669447:1523513284519]] but has failed to stop it. This is very likely to create a memory leak. Stack trace of thread:
 java.lang.Object.wait(Native Method)
 java.util.TimerThread.mainLoop(Timer.java:552)
 java.util.TimerThread.run(Timer.java:505)
12-Apr-2018 11:43:28.518 WARNING [localhost-startStop-5] org.apache.catalina.loader.WebappClassLoaderBase.clearReferencesThreads The web application [artifactory] appears to have started a thread named [Timer-1] but has failed to stop it. This is very likely to create a memory leak. Stack trace of thread:
 java.lang.Object.wait(Native Method)
 java.util.TimerThread.mainLoop(Timer.java:552)
 java.util.TimerThread.run(Timer.java:505)
12-Apr-2018 11:43:28.530 WARNING [localhost-startStop-5] org.apache.catalina.loader.WebappClassLoaderBase.clearReferencesThreads The web application [artifactory] appears to have started a thread named [Idle Connection Monitor] but has failed to stop it. This is very likely to create a memory leak. Stack trace of thread:
 java.lang.Object.wait(Native Method)
 org.artifactory.repo.http.IdleConnectionMonitorServiceImpl$IdleConnectionMonitorThread.run(IdleConnectionMonitorServiceImpl.java:164)
12-Apr-2018 11:43:28.562 WARNING [localhost-startStop-5] org.apache.catalina.loader.WebappClassLoaderBase.clearReferencesThreads The web application [artifactory] appears to have started a thread named [scheduler_QuartzSchedulerThread] but has failed to stop it. This is very likely to create a memory leak. Stack trace of thread:
 java.lang.Object.wait(Native Method)
 org.quartz.core.QuartzSchedulerThread.run(QuartzSchedulerThread.java:410)
12-Apr-2018 11:43:28.570 SEVERE [localhost-startStop-5] org.apache.catalina.loader.WebappClassLoaderBase.checkThreadLocalMapForLeaks The web application [artifactory] created a ThreadLocal with key of type [java.lang.InheritableThreadLocal] (value [java.lang.InheritableThreadLocal@4cb652a0]) and a value of type [org.artifactory.common.ArtifactoryHome] (value [org.artifactory.common.ArtifactoryHome@5667cff2]) but failed to remove it when the web application was stopped. Threads are going to be renewed over time to try and avoid a probable memory leak.
12-Apr-2018 11:43:28.591 SEVERE [localhost-startStop-5] org.apache.catalina.loader.WebappClassLoaderBase.checkThreadLocalMapForLeaks The web application [artifactory] created a ThreadLocal with key of type [java.lang.InheritableThreadLocal] (value [java.lang.InheritableThreadLocal@34f14e5c]) and a value of type [org.artifactory.spring.ArtifactoryApplicationContext] (value [Artifactory: startup date [Thu Apr 12 11:35:58 IST 2018]; root of context hierarchy]) but failed to remove it when the web application was stopped. Threads are going to be renewed over time to try and avoid a probable memory leak.
12-Apr-2018 11:43:28.613 SEVERE [localhost-startStop-5] org.apache.catalina.loader.WebappClassLoaderBase.checkThreadLocalMapForLeaks The web application [artifactory] created a ThreadLocal with key of type [java.lang.InheritableThreadLocal] (value [java.lang.InheritableThreadLocal@4cb652a0]) and a value of type [org.artifactory.common.ArtifactoryHome] (value [org.artifactory.common.ArtifactoryHome@5667cff2]) but failed to remove it when the web application was stopped. Threads are going to be renewed over time to try and avoid a probable memory leak.
12-Apr-2018 11:43:28.642 SEVERE [localhost-startStop-5] org.apache.catalina.loader.WebappClassLoaderBase.checkThreadLocalMapForLeaks The web application [artifactory] created a ThreadLocal with key of type [java.lang.InheritableThreadLocal] (value [java.lang.InheritableThreadLocal@34f14e5c]) and a value of type [org.artifactory.spring.ArtifactoryApplicationContext] (value [Artifactory: startup date [Thu Apr 12 11:35:58 IST 2018]; root of context hierarchy]) but failed to remove it when the web application was stopped. Threads are going to be renewed over time to try and avoid a probable memory leak.
12-Apr-2018 11:43:28.647 SEVERE [localhost-startStop-5] org.apache.catalina.loader.WebappClassLoaderBase.checkThreadLocalMapForLeaks The web application [artifactory] created a ThreadLocal with key of type [java.lang.InheritableThreadLocal] (value [java.lang.InheritableThreadLocal@4cb652a0]) and a value of type [org.artifactory.common.ArtifactoryHome] (value [org.artifactory.common.ArtifactoryHome@5667cff2]) but failed to remove it when the web application was stopped. Threads are going to be renewed over time to try and avoid a probable memory leak.
12-Apr-2018 11:43:28.675 SEVERE [localhost-startStop-5] org.apache.catalina.loader.WebappClassLoaderBase.checkThreadLocalMapForLeaks The web application [artifactory] created a ThreadLocal with key of type [java.lang.InheritableThreadLocal] (value [java.lang.InheritableThreadLocal@34f14e5c]) and a value of type [org.artifactory.spring.ArtifactoryApplicationContext] (value [Artifactory: startup date [Thu Apr 12 11:35:58 IST 2018]; root of context hierarchy]) but failed to remove it when the web application was stopped. Threads are going to be renewed over time to try and avoid a probable memory leak.
12-Apr-2018 11:43:28.707 SEVERE [localhost-startStop-5] org.apache.catalina.loader.WebappClassLoaderBase.checkThreadLocalMapForLeaks The web application [artifactory] created a ThreadLocal with key of type [java.lang.InheritableThreadLocal] (value [java.lang.InheritableThreadLocal@4cb652a0]) and a value of type [org.artifactory.common.ArtifactoryHome] (value [org.artifactory.common.ArtifactoryHome@5667cff2]) but failed to remove it when the web application was stopped. Threads are going to be renewed over time to try and avoid a probable memory leak.
12-Apr-2018 11:43:28.734 SEVERE [localhost-startStop-5] org.apache.catalina.loader.WebappClassLoaderBase.checkThreadLocalMapForLeaks The web application [artifactory] created a ThreadLocal with key of type [java.lang.InheritableThreadLocal] (value [java.lang.InheritableThreadLocal@34f14e5c]) and a value of type [org.artifactory.spring.ArtifactoryApplicationContext] (value [Artifactory: startup date [Thu Apr 12 11:35:58 IST 2018]; root of context hierarchy]) but failed to remove it when the web application was stopped. Threads are going to be renewed over time to try and avoid a probable memory leak.
12-Apr-2018 11:43:29.043 SEVERE [localhost-startStop-4] org.apache.catalina.loader.WebappClassLoaderBase.checkThreadLocalMapForLeaks The web application [access] created a ThreadLocal with key of type [java.lang.ThreadLocal] (value [java.lang.ThreadLocal@2c8a258e]) and a value of type [org.jfrog.access.server.service.audit.request.HttpRequestLogEntry] (value [null null null 0]) but failed to remove it when the web application was stopped. Threads are going to be renewed over time to try and avoid a probable memory leak.
12-Apr-2018 11:43:29.106 SEVERE [localhost-startStop-4] org.apache.catalina.loader.WebappClassLoaderBase.checkThreadLocalMapForLeaks The web application [access] created a ThreadLocal with key of type [org.jfrog.access.server.service.auth.AuthenticationServiceImpl$1] (value [org.jfrog.access.server.service.auth.AuthenticationServiceImpl$1@1286ef7c]) and a value of type [org.jfrog.access.server.service.auth.model.AnonymousPrincipal] (value [anonymous]) but failed to remove it when the web application was stopped. Threads are going to be renewed over time to try and avoid a probable memory leak.
12-Apr-2018 11:43:29.131 SEVERE [localhost-startStop-4] org.apache.catalina.loader.WebappClassLoaderBase.checkThreadLocalMapForLeaks The web application [access] created a ThreadLocal with key of type [java.lang.ThreadLocal] (value [java.lang.ThreadLocal@2c8a258e]) and a value of type [org.jfrog.access.server.service.audit.request.HttpRequestLogEntry] (value [null null null 0]) but failed to remove it when the web application was stopped. Threads are going to be renewed over time to try and avoid a probable memory leak.
12-Apr-2018 11:43:29.153 SEVERE [localhost-startStop-4] org.apache.catalina.loader.WebappClassLoaderBase.checkThreadLocalMapForLeaks The web application [access] created a ThreadLocal with key of type [org.jfrog.access.server.service.auth.AuthenticationServiceImpl$1] (value [org.jfrog.access.server.service.auth.AuthenticationServiceImpl$1@1286ef7c]) and a value of type [org.jfrog.access.server.service.auth.model.AnonymousPrincipal] (value [anonymous]) but failed to remove it when the web application was stopped. Threads are going to be renewed over time to try and avoid a probable memory leak.
12-Apr-2018 11:43:29.166 SEVERE [localhost-startStop-4] org.apache.catalina.loader.WebappClassLoaderBase.checkThreadLocalMapForLeaks The web application [access] created a ThreadLocal with key of type [java.lang.ThreadLocal] (value [java.lang.ThreadLocal@2c8a258e]) and a value of type [org.jfrog.access.server.service.audit.request.HttpRequestLogEntry] (value [null null null 0]) but failed to remove it when the web application was stopped. Threads are going to be renewed over time to try and avoid a probable memory leak.
12-Apr-2018 11:43:29.190 SEVERE [localhost-startStop-4] org.apache.catalina.loader.WebappClassLoaderBase.checkThreadLocalMapForLeaks The web application [access] created a ThreadLocal with key of type [org.jfrog.access.server.service.auth.AuthenticationServiceImpl$1] (value [org.jfrog.access.server.service.auth.AuthenticationServiceImpl$1@1286ef7c]) and a value of type [org.jfrog.access.server.service.auth.model.AnonymousPrincipal] (value [anonymous]) but failed to remove it when the web application was stopped. Threads are going to be renewed over time to try and avoid a probable memory leak.
12-Apr-2018 11:43:29.203 SEVERE [localhost-startStop-4] org.apache.catalina.loader.WebappClassLoaderBase.checkThreadLocalMapForLeaks The web application [access] created a ThreadLocal with key of type [java.lang.ThreadLocal] (value [java.lang.ThreadLocal@2c8a258e]) and a value of type [org.jfrog.access.server.service.audit.request.HttpRequestLogEntry] (value [null null null 0]) but failed to remove it when the web application was stopped. Threads are going to be renewed over time to try and avoid a probable memory leak.
12-Apr-2018 11:43:29.239 SEVERE [localhost-startStop-4] org.apache.catalina.loader.WebappClassLoaderBase.checkThreadLocalMapForLeaks The web application [access] created a ThreadLocal with key of type [org.jfrog.access.server.service.auth.AuthenticationServiceImpl$1] (value [org.jfrog.access.server.service.auth.AuthenticationServiceImpl$1@1286ef7c]) and a value of type [org.jfrog.access.server.service.auth.model.AnonymousPrincipal] (value [anonymous]) but failed to remove it when the web application was stopped. Threads are going to be renewed over time to try and avoid a probable memory leak.
12-Apr-2018 11:43:29.267 SEVERE [localhost-startStop-4] org.apache.catalina.loader.WebappClassLoaderBase.checkThreadLocalMapForLeaks The web application [access] created a ThreadLocal with key of type [java.lang.ThreadLocal] (value [java.lang.ThreadLocal@2c8a258e]) and a value of type [org.jfrog.access.server.service.audit.request.HttpRequestLogEntry] (value [null null null 0]) but failed to remove it when the web application was stopped. Threads are going to be renewed over time to try and avoid a probable memory leak.
12-Apr-2018 11:43:29.286 SEVERE [localhost-startStop-4] org.apache.catalina.loader.WebappClassLoaderBase.checkThreadLocalMapForLeaks The web application [access] created a ThreadLocal with key of type [org.jfrog.access.server.service.auth.AuthenticationServiceImpl$1] (value [org.jfrog.access.server.service.auth.AuthenticationServiceImpl$1@1286ef7c]) and a value of type [org.jfrog.access.server.service.auth.model.AnonymousPrincipal] (value [anonymous]) but failed to remove it when the web application was stopped. Threads are going to be renewed over time to try and avoid a probable memory leak.
12-Apr-2018 11:43:29.305 SEVERE [localhost-startStop-4] org.apache.catalina.loader.WebappClassLoaderBase.checkThreadLocalMapForLeaks The web application [access] created a ThreadLocal with key of type [java.lang.ThreadLocal] (value [java.lang.ThreadLocal@2c8a258e]) and a value of type [org.jfrog.access.server.service.audit.request.HttpRequestLogEntry] (value [null null null 0]) but failed to remove it when the web application was stopped. Threads are going to be renewed over time to try and avoid a probable memory leak.
12-Apr-2018 11:43:29.337 SEVERE [localhost-startStop-4] org.apache.catalina.loader.WebappClassLoaderBase.checkThreadLocalMapForLeaks The web application [access] created a ThreadLocal with key of type [org.jfrog.access.server.service.auth.AuthenticationServiceImpl$1] (value [org.jfrog.access.server.service.auth.AuthenticationServiceImpl$1@1286ef7c]) and a value of type [org.jfrog.access.server.service.auth.model.AnonymousPrincipal] (value [anonymous]) but failed to remove it when the web application was stopped. Threads are going to be renewed over time to try and avoid a probable memory leak.
12-Apr-2018 11:43:29.449 INFO [Thread-15] org.apache.coyote.AbstractProtocol.stop Stopping ProtocolHandler ["http-nio-8081"]
12-Apr-2018 11:43:29.494 INFO [Thread-15] org.apache.coyote.AbstractProtocol.stop Stopping ProtocolHandler ["ajp-nio-8019"]
12-Apr-2018 11:43:29.570 INFO [Thread-15] org.apache.coyote.AbstractProtocol.destroy Destroying ProtocolHandler ["http-nio-8081"]
12-Apr-2018 11:43:29.605 INFO [Thread-15] org.apache.coyote.AbstractProtocol.destroy Destroying ProtocolHandler ["ajp-nio-8019"]
12-Apr-2018 11:43:43.548 INFO [main] org.apache.coyote.AbstractProtocol.init Initializing ProtocolHandler ["http-nio-8081"]
12-Apr-2018 11:43:43.862 INFO [main] org.apache.tomcat.util.net.NioSelectorPool.getSharedSelector Using a shared selector for servlet write/read
12-Apr-2018 11:43:43.926 INFO [main] org.apache.coyote.AbstractProtocol.init Initializing ProtocolHandler ["ajp-nio-8019"]
12-Apr-2018 11:43:43.963 INFO [main] org.apache.tomcat.util.net.NioSelectorPool.getSharedSelector Using a shared selector for servlet write/read
12-Apr-2018 11:43:44.104 INFO [main] org.apache.catalina.core.StandardService.startInternal Starting service Catalina
12-Apr-2018 11:43:44.115 INFO [main] org.apache.catalina.core.StandardEngine.startInternal Starting Servlet Engine: Apache Tomcat/8.0.41
12-Apr-2018 11:43:44.376 INFO [localhost-startStop-1] org.apache.catalina.startup.HostConfig.deployDescriptor Deploying configuration descriptor /home/devops/Downloads/artifactory-oss-5.4.3/tomcat/conf/Catalina/localhost/artifactory.xml
12-Apr-2018 11:43:44.389 INFO [localhost-startStop-2] org.apache.catalina.startup.HostConfig.deployDescriptor Deploying configuration descriptor /home/devops/Downloads/artifactory-oss-5.4.3/tomcat/conf/Catalina/localhost/access.xml
12-Apr-2018 11:44:41.422 INFO [localhost-startStop-1] org.apache.catalina.startup.HostConfig.deployDescriptor Deployment of configuration descriptor /home/devops/Downloads/artifactory-oss-5.4.3/tomcat/conf/Catalina/localhost/artifactory.xml has finished in 57,027 ms
12-Apr-2018 11:48:53.762 INFO [localhost-startStop-2] org.apache.catalina.startup.HostConfig.deployDescriptor Deployment of configuration descriptor /home/devops/Downloads/artifactory-oss-5.4.3/tomcat/conf/Catalina/localhost/access.xml has finished in 309,374 ms
12-Apr-2018 11:48:53.815 INFO [localhost-startStop-3] org.apache.catalina.startup.HostConfig.deployDirectory Deploying web application directory /home/devops/Downloads/artifactory-oss-5.4.3/tomcat/webapps/ROOT
12-Apr-2018 11:48:54.239 INFO [localhost-startStop-3] org.apache.catalina.startup.HostConfig.deployDirectory Deployment of web application directory /home/devops/Downloads/artifactory-oss-5.4.3/tomcat/webapps/ROOT has finished in 425 ms
12-Apr-2018 11:48:54.357 INFO [main] org.apache.coyote.AbstractProtocol.start Starting ProtocolHandler ["http-nio-8081"]
12-Apr-2018 11:48:54.616 INFO [main] org.apache.coyote.AbstractProtocol.start Starting ProtocolHandler ["ajp-nio-8019"]
12-Apr-2018 11:49:46.127 INFO [Thread-14] org.apache.coyote.AbstractProtocol.pause Pausing ProtocolHandler ["http-nio-8081"]
12-Apr-2018 11:49:46.210 INFO [Thread-14] org.apache.coyote.AbstractProtocol.pause Pausing ProtocolHandler ["ajp-nio-8019"]
12-Apr-2018 11:49:46.591 INFO [Thread-14] org.apache.catalina.core.StandardService.stopInternal Stopping service Catalina
12-Apr-2018 11:49:46.871 WARNING [localhost-startStop-5] org.apache.catalina.loader.WebappClassLoaderBase.clearReferencesJdbc The web application [artifactory] registered the JDBC driver [org.postgresql.Driver] but failed to unregister it when the web application was stopped. To prevent a memory leak, the JDBC Driver has been forcibly unregistered.
12-Apr-2018 11:49:46.926 WARNING [localhost-startStop-5] org.apache.catalina.loader.WebappClassLoaderBase.clearReferencesThreads The web application [artifactory] appears to have started a thread named [Thread-4] but has failed to stop it. This is very likely to create a memory leak. Stack trace of thread:
 sun.nio.fs.LinuxWatchService.poll(Native Method)
 sun.nio.fs.LinuxWatchService.access$600(LinuxWatchService.java:47)
 sun.nio.fs.LinuxWatchService$Poller.run(LinuxWatchService.java:314)
 java.lang.Thread.run(Thread.java:748)
12-Apr-2018 11:49:46.954 WARNING [localhost-startStop-5] org.apache.catalina.loader.WebappClassLoaderBase.clearReferencesThreads The web application [artifactory] appears to have started a thread named [Thread-5] but has failed to stop it. This is very likely to create a memory leak. Stack trace of thread:
 sun.misc.Unsafe.park(Native Method)
 java.util.concurrent.locks.LockSupport.park(LockSupport.java:175)
 java.util.concurrent.locks.AbstractQueuedSynchronizer$ConditionObject.await(AbstractQueuedSynchronizer.java:2039)
 java.util.concurrent.LinkedBlockingDeque.takeFirst(LinkedBlockingDeque.java:492)
 java.util.concurrent.LinkedBlockingDeque.take(LinkedBlockingDeque.java:680)
 sun.nio.fs.AbstractWatchService.take(AbstractWatchService.java:118)
 org.artifactory.common.config.watch.FileWatchingManager.doWatch(FileWatchingManager.java:68)
 org.artifactory.common.config.watch.FileWatchingManager$$Lambda$2/1989210572.run(Unknown Source)
 java.lang.Thread.run(Thread.java:748)
12-Apr-2018 11:49:46.959 WARNING [localhost-startStop-5] org.apache.catalina.loader.WebappClassLoaderBase.clearReferencesThreads The web application [artifactory] appears to have started a thread named [Tomcat JDBC Pool Cleaner[307405780:1523513776823]] but has failed to stop it. This is very likely to create a memory leak. Stack trace of thread:
 java.lang.Object.wait(Native Method)
 java.util.TimerThread.mainLoop(Timer.java:552)
 java.util.TimerThread.run(Timer.java:505)
12-Apr-2018 11:49:46.990 WARNING [localhost-startStop-5] org.apache.catalina.loader.WebappClassLoaderBase.clearReferencesThreads The web application [artifactory] appears to have started a thread named [Timer-1] but has failed to stop it. This is very likely to create a memory leak. Stack trace of thread:
 java.lang.Object.wait(Native Method)
 java.util.TimerThread.mainLoop(Timer.java:552)
 java.util.TimerThread.run(Timer.java:505)
12-Apr-2018 11:49:47.019 WARNING [localhost-startStop-5] org.apache.catalina.loader.WebappClassLoaderBase.clearReferencesThreads The web application [artifactory] appears to have started a thread named [scheduler_QuartzSchedulerThread] but has failed to stop it. This is very likely to create a memory leak. Stack trace of thread:
 java.lang.Object.wait(Native Method)
 org.quartz.core.QuartzSchedulerThread.run(QuartzSchedulerThread.java:410)
12-Apr-2018 11:49:47.027 SEVERE [localhost-startStop-5] org.apache.catalina.loader.WebappClassLoaderBase.checkThreadLocalMapForLeaks The web application [artifactory] created a ThreadLocal with key of type [java.lang.InheritableThreadLocal] (value [java.lang.InheritableThreadLocal@299daa7b]) and a value of type [org.artifactory.common.ArtifactoryHome] (value [org.artifactory.common.ArtifactoryHome@4b9b089]) but failed to remove it when the web application was stopped. Threads are going to be renewed over time to try and avoid a probable memory leak.
12-Apr-2018 11:49:47.067 SEVERE [localhost-startStop-5] org.apache.catalina.loader.WebappClassLoaderBase.checkThreadLocalMapForLeaks The web application [artifactory] created a ThreadLocal with key of type [java.lang.InheritableThreadLocal] (value [java.lang.InheritableThreadLocal@5108602a]) and a value of type [org.artifactory.spring.ArtifactoryApplicationContext] (value [Artifactory: startup date [Thu Apr 12 11:44:43 IST 2018]; root of context hierarchy]) but failed to remove it when the web application was stopped. Threads are going to be renewed over time to try and avoid a probable memory leak.
12-Apr-2018 11:49:47.121 SEVERE [localhost-startStop-5] org.apache.catalina.loader.WebappClassLoaderBase.checkThreadLocalMapForLeaks The web application [artifactory] created a ThreadLocal with key of type [java.lang.InheritableThreadLocal] (value [java.lang.InheritableThreadLocal@299daa7b]) and a value of type [org.artifactory.common.ArtifactoryHome] (value [org.artifactory.common.ArtifactoryHome@4b9b089]) but failed to remove it when the web application was stopped. Threads are going to be renewed over time to try and avoid a probable memory leak.
12-Apr-2018 11:49:47.126 SEVERE [localhost-startStop-5] org.apache.catalina.loader.WebappClassLoaderBase.checkThreadLocalMapForLeaks The web application [artifactory] created a ThreadLocal with key of type [java.lang.InheritableThreadLocal] (value [java.lang.InheritableThreadLocal@5108602a]) and a value of type [org.artifactory.spring.ArtifactoryApplicationContext] (value [Artifactory: startup date [Thu Apr 12 11:44:43 IST 2018]; root of context hierarchy]) but failed to remove it when the web application was stopped. Threads are going to be renewed over time to try and avoid a probable memory leak.
12-Apr-2018 11:49:47.156 SEVERE [localhost-startStop-5] org.apache.catalina.loader.WebappClassLoaderBase.checkThreadLocalMapForLeaks The web application [artifactory] created a ThreadLocal with key of type [java.lang.InheritableThreadLocal] (value [java.lang.InheritableThreadLocal@299daa7b]) and a value of type [org.artifactory.common.ArtifactoryHome] (value [org.artifactory.common.ArtifactoryHome@4b9b089]) but failed to remove it when the web application was stopped. Threads are going to be renewed over time to try and avoid a probable memory leak.
12-Apr-2018 11:49:47.170 SEVERE [localhost-startStop-5] org.apache.catalina.loader.WebappClassLoaderBase.checkThreadLocalMapForLeaks The web application [artifactory] created a ThreadLocal with key of type [java.lang.InheritableThreadLocal] (value [java.lang.InheritableThreadLocal@5108602a]) and a value of type [org.artifactory.spring.ArtifactoryApplicationContext] (value [Artifactory: startup date [Thu Apr 12 11:44:43 IST 2018]; root of context hierarchy]) but failed to remove it when the web application was stopped. Threads are going to be renewed over time to try and avoid a probable memory leak.
12-Apr-2018 11:49:47.418 SEVERE [localhost-startStop-4] org.apache.catalina.loader.WebappClassLoaderBase.checkThreadLocalMapForLeaks The web application [access] created a ThreadLocal with key of type [java.lang.ThreadLocal] (value [java.lang.ThreadLocal@70524567]) and a value of type [org.jfrog.access.server.service.audit.request.HttpRequestLogEntry] (value [null null null 0]) but failed to remove it when the web application was stopped. Threads are going to be renewed over time to try and avoid a probable memory leak.
12-Apr-2018 11:49:47.424 SEVERE [localhost-startStop-4] org.apache.catalina.loader.WebappClassLoaderBase.checkThreadLocalMapForLeaks The web application [access] created a ThreadLocal with key of type [org.jfrog.access.server.service.auth.AuthenticationServiceImpl$1] (value [org.jfrog.access.server.service.auth.AuthenticationServiceImpl$1@9fd989]) and a value of type [org.jfrog.access.server.service.auth.model.AnonymousPrincipal] (value [anonymous]) but failed to remove it when the web application was stopped. Threads are going to be renewed over time to try and avoid a probable memory leak.
12-Apr-2018 11:49:47.455 SEVERE [localhost-startStop-4] org.apache.catalina.loader.WebappClassLoaderBase.checkThreadLocalMapForLeaks The web application [access] created a ThreadLocal with key of type [java.lang.ThreadLocal] (value [java.lang.ThreadLocal@70524567]) and a value of type [org.jfrog.access.server.service.audit.request.HttpRequestLogEntry] (value [null null null 0]) but failed to remove it when the web application was stopped. Threads are going to be renewed over time to try and avoid a probable memory leak.
12-Apr-2018 11:49:47.475 SEVERE [localhost-startStop-4] org.apache.catalina.loader.WebappClassLoaderBase.checkThreadLocalMapForLeaks The web application [access] created a ThreadLocal with key of type [org.jfrog.access.server.service.auth.AuthenticationServiceImpl$1] (value [org.jfrog.access.server.service.auth.AuthenticationServiceImpl$1@9fd989]) and a value of type [org.jfrog.access.server.service.auth.model.AnonymousPrincipal] (value [anonymous]) but failed to remove it when the web application was stopped. Threads are going to be renewed over time to try and avoid a probable memory leak.
12-Apr-2018 11:49:47.477 SEVERE [localhost-startStop-4] org.apache.catalina.loader.WebappClassLoaderBase.checkThreadLocalMapForLeaks The web application [access] created a ThreadLocal with key of type [java.lang.ThreadLocal] (value [java.lang.ThreadLocal@70524567]) and a value of type [org.jfrog.access.server.service.audit.request.HttpRequestLogEntry] (value [null null null 0]) but failed to remove it when the web application was stopped. Threads are going to be renewed over time to try and avoid a probable memory leak.
12-Apr-2018 11:49:47.501 SEVERE [localhost-startStop-4] org.apache.catalina.loader.WebappClassLoaderBase.checkThreadLocalMapForLeaks The web application [access] created a ThreadLocal with key of type [org.jfrog.access.server.service.auth.AuthenticationServiceImpl$1] (value [org.jfrog.access.server.service.auth.AuthenticationServiceImpl$1@9fd989]) and a value of type [org.jfrog.access.server.service.auth.model.AnonymousPrincipal] (value [anonymous]) but failed to remove it when the web application was stopped. Threads are going to be renewed over time to try and avoid a probable memory leak.
12-Apr-2018 11:49:47.515 SEVERE [localhost-startStop-4] org.apache.catalina.loader.WebappClassLoaderBase.checkThreadLocalMapForLeaks The web application [access] created a ThreadLocal with key of type [java.lang.ThreadLocal] (value [java.lang.ThreadLocal@70524567]) and a value of type [org.jfrog.access.server.service.audit.request.HttpRequestLogEntry] (value [null null null 0]) but failed to remove it when the web application was stopped. Threads are going to be renewed over time to try and avoid a probable memory leak.
12-Apr-2018 11:49:47.533 SEVERE [localhost-startStop-4] org.apache.catalina.loader.WebappClassLoaderBase.checkThreadLocalMapForLeaks The web application [access] created a ThreadLocal with key of type [org.jfrog.access.server.service.auth.AuthenticationServiceImpl$1] (value [org.jfrog.access.server.service.auth.AuthenticationServiceImpl$1@9fd989]) and a value of type [org.jfrog.access.server.service.auth.model.AnonymousPrincipal] (value [anonymous]) but failed to remove it when the web application was stopped. Threads are going to be renewed over time to try and avoid a probable memory leak.
12-Apr-2018 11:49:47.563 SEVERE [localhost-startStop-4] org.apache.catalina.loader.WebappClassLoaderBase.checkThreadLocalMapForLeaks The web application [access] created a ThreadLocal with key of type [java.lang.ThreadLocal] (value [java.lang.ThreadLocal@70524567]) and a value of type [org.jfrog.access.server.service.audit.request.HttpRequestLogEntry] (value [null null null 0]) but failed to remove it when the web application was stopped. Threads are going to be renewed over time to try and avoid a probable memory leak.
12-Apr-2018 11:49:47.599 SEVERE [localhost-startStop-4] org.apache.catalina.loader.WebappClassLoaderBase.checkThreadLocalMapForLeaks The web application [access] created a ThreadLocal with key of type [org.jfrog.access.server.service.auth.AuthenticationServiceImpl$1] (value [org.jfrog.access.server.service.auth.AuthenticationServiceImpl$1@9fd989]) and a value of type [org.jfrog.access.server.service.auth.model.AnonymousPrincipal] (value [anonymous]) but failed to remove it when the web application was stopped. Threads are going to be renewed over time to try and avoid a probable memory leak.
12-Apr-2018 11:49:47.602 SEVERE [localhost-startStop-4] org.apache.catalina.loader.WebappClassLoaderBase.checkThreadLocalMapForLeaks The web application [access] created a ThreadLocal with key of type [java.lang.ThreadLocal] (value [java.lang.ThreadLocal@70524567]) and a value of type [org.jfrog.access.server.service.audit.request.HttpRequestLogEntry] (value [null null null 0]) but failed to remove it when the web application was stopped. Threads are going to be renewed over time to try and avoid a probable memory leak.
12-Apr-2018 11:49:47.617 SEVERE [localhost-startStop-4] org.apache.catalina.loader.WebappClassLoaderBase.checkThreadLocalMapForLeaks The web application [access] created a ThreadLocal with key of type [org.jfrog.access.server.service.auth.AuthenticationServiceImpl$1] (value [org.jfrog.access.server.service.auth.AuthenticationServiceImpl$1@9fd989]) and a value of type [org.jfrog.access.server.service.auth.model.AnonymousPrincipal] (value [anonymous]) but failed to remove it when the web application was stopped. Threads are going to be renewed over time to try and avoid a probable memory leak.
12-Apr-2018 11:49:47.711 INFO [Thread-14] org.apache.coyote.AbstractProtocol.stop Stopping ProtocolHandler ["http-nio-8081"]
12-Apr-2018 11:49:47.734 INFO [Thread-14] org.apache.coyote.AbstractProtocol.stop Stopping ProtocolHandler ["ajp-nio-8019"]
12-Apr-2018 11:49:47.848 INFO [Thread-14] org.apache.coyote.AbstractProtocol.destroy Destroying ProtocolHandler ["http-nio-8081"]
12-Apr-2018 11:49:47.883 INFO [Thread-14] org.apache.coyote.AbstractProtocol.destroy Destroying ProtocolHandler ["ajp-nio-8019"]
12-Apr-2018 12:08:10.021 INFO [main] org.apache.coyote.AbstractProtocol.init Initializing ProtocolHandler ["http-nio-8081"]
12-Apr-2018 12:08:10.549 INFO [main] org.apache.tomcat.util.net.NioSelectorPool.getSharedSelector Using a shared selector for servlet write/read
12-Apr-2018 12:08:10.634 INFO [main] org.apache.coyote.AbstractProtocol.init Initializing ProtocolHandler ["ajp-nio-8019"]
12-Apr-2018 12:08:10.762 INFO [main] org.apache.tomcat.util.net.NioSelectorPool.getSharedSelector Using a shared selector for servlet write/read
12-Apr-2018 12:08:11.026 INFO [main] org.apache.catalina.core.StandardService.startInternal Starting service Catalina
12-Apr-2018 12:08:11.030 INFO [main] org.apache.catalina.core.StandardEngine.startInternal Starting Servlet Engine: Apache Tomcat/8.0.41
12-Apr-2018 12:08:11.292 INFO [localhost-startStop-2] org.apache.catalina.startup.HostConfig.deployDescriptor Deploying configuration descriptor /home/devops/Downloads/artifactory-oss-5.4.3/tomcat/conf/Catalina/localhost/access.xml
12-Apr-2018 12:08:11.291 INFO [localhost-startStop-1] org.apache.catalina.startup.HostConfig.deployDescriptor Deploying configuration descriptor /home/devops/Downloads/artifactory-oss-5.4.3/tomcat/conf/Catalina/localhost/artifactory.xml
12-Apr-2018 12:08:55.627 INFO [localhost-startStop-1] org.apache.catalina.startup.HostConfig.deployDescriptor Deployment of configuration descriptor /home/devops/Downloads/artifactory-oss-5.4.3/tomcat/conf/Catalina/localhost/artifactory.xml has finished in 44,301 ms
12-Apr-2018 12:11:08.572 INFO [localhost-startStop-2] org.apache.catalina.startup.HostConfig.deployDescriptor Deployment of configuration descriptor /home/devops/Downloads/artifactory-oss-5.4.3/tomcat/conf/Catalina/localhost/access.xml has finished in 177,280 ms
12-Apr-2018 12:11:08.612 INFO [localhost-startStop-3] org.apache.catalina.startup.HostConfig.deployDirectory Deploying web application directory /home/devops/Downloads/artifactory-oss-5.4.3/tomcat/webapps/ROOT
12-Apr-2018 12:11:08.819 INFO [localhost-startStop-3] org.apache.catalina.startup.HostConfig.deployDirectory Deployment of web application directory /home/devops/Downloads/artifactory-oss-5.4.3/tomcat/webapps/ROOT has finished in 208 ms
12-Apr-2018 12:11:08.869 INFO [main] org.apache.coyote.AbstractProtocol.start Starting ProtocolHandler ["http-nio-8081"]
12-Apr-2018 12:11:08.973 INFO [main] org.apache.coyote.AbstractProtocol.start Starting ProtocolHandler ["ajp-nio-8019"]
